[handleMsg]:  {
  key: {
    remoteJid: '51925736337@s.whatsapp.net',
    fromMe: false,
    id: 'E7DFA4F3F5DBD43D8172E53A67E88CBA',
    participant: undefined
  },
  messageTimestamp: 1708372431,
  pushName: 'Alberto',
  broadcast: false,
  message: Message {
    conversation: 'Hola',
    messageContextInfo: MessageContextInfo {
      deviceListMetadata: [DeviceListMetadata],
      deviceListMetadataVersion: 2
    }
  },
  body: 'Hola',
  from: '51925736337'
}
[QUEUE_SE_ENVIO]:  {
  ref: 'ans_61e22d55-31f6-4341-87a6-5a35e5719af0',
  keyword: 'key_659292eb-4f92-434b-95d4-9f8dc978f09b',
  answer: '👋¡Hola! Este es el WhatsApp oficial de la oficina de grados y títulos UC ✅',
  options: {
    media: null,
    buttons: [],
    capture: false,
    child: null,
    delay: 0,
    idle: null,
    ref: null,
    nested: [],
    keyword: {},
    callback: false
  },
  refSerialize: 'b32bfc1003685891367d216ac9e81a6f'
}
[QUEUE_SE_ENVIO]:  {
  ref: 'ans_e70f6ef6-b054-432b-a112-05a33040b37e',
  keyword: 'ans_61e22d55-31f6-4341-87a6-5a35e5719af0',
  answer: '🤗 Soy Birretito, tu asistente virtual, y te apoyaré en tus consultas sobre los trámites de bachiller y título profesional.',
  options: {
    media: null,
    buttons: [],
    capture: false,
    child: null,
    delay: 0,
    idle: null,
    ref: null,
    nested: [],
    keyword: {},
    callback: false
  },
  refSerialize: '948e3eec69034264abd2e54ee21e98d3'
}
[QUEUE_SE_ENVIO]:  {
  ref: 'ans_15c29b60-475b-46f9-a866-d94b952d4b3e',
  keyword: 'ans_e70f6ef6-b054-432b-a112-05a33040b37e',
  answer: 'Me encantaría saber cómo te llamas para dirigirme a ti de manera adecuada. 👀 ¡No te preocupes, no compartiré tu información con nadie más!. \n' +
    '\n' +
    '🤗 *Para continuar proporcioname tu primer nombre en un solo mensaje:*',
  options: {
    media: null,
    buttons: [],
    capture: true,
    child: null,
    delay: 0,
    idle: null,
    ref: null,
    nested: [],
    keyword: {},
    callback: true
  },
  refSerialize: '9f3998e24dd5837d40c243528a5ca4fb'
}
[handleMsg]:  {
  key: {
    remoteJid: '51925736337@s.whatsapp.net',
    fromMe: false,
    id: '47F3926545FD30E3004F72EBC1BD5E24',
    participant: undefined
  },
  messageTimestamp: 1708372434,
  pushName: 'Alberto',
  broadcast: false,
  message: Message {
    conversation: 'L',
    messageContextInfo: MessageContextInfo {
      deviceListMetadata: [DeviceListMetadata],
      deviceListMetadataVersion: 2
    }
  },
  body: 'L',
  from: '51925736337'
}
[handleMsg]:  {
  key: {
    remoteJid: '51925736337@s.whatsapp.net',
    fromMe: false,
    id: '5F88132092B5E3968942FB9CCAB58FEE',
    participant: undefined
  },
  messageTimestamp: 1708372439,
  pushName: 'Alberto',
  broadcast: false,
  message: Message {
    conversation: '88888888',
    messageContextInfo: MessageContextInfo {
      deviceListMetadata: [DeviceListMetadata],
      deviceListMetadataVersion: 2
    }
  },
  body: '88888888',
  from: '51925736337'
}
[QUEUE_SE_ENVIO]:  {
  ref: 'ans_c4596b04-04f7-4126-ab89-fbc140bac1ee',
  keyword: 'key_a1bb29ec-7ceb-43e2-b606-fea8d107b6ae',
  answer: "¡Wow 🤩 ¡Me encanta tu nombre! Vamos a ser muy buenos amigos.','\n" +
    '🤩 Pero antes de continuar, 🔒 Por favor, tómate un momento para revisar nuestra política de confidencialidad y aceptarla para que podamos continuar con esta increíble experiencia juntos. 😊 https://holamusa.com/politica-de-confidencialidad/\n' +
    '\n' +
    '🤓💬 *¿Aceptas nuestra política de confidencialidad?*\n' +
    '1️⃣ Si\n' +
    '2️⃣ No',
  options: {
    media: null,
    buttons: [],
    capture: false,
    child: null,
    delay: 0,
    idle: null,
    ref: null,
    nested: [ [Object], [Object], [Object], [Object] ],
    keyword: {},
    callback: false
  },
  refSerialize: 'a4761edc8d9c37198bc657acf7f41c97'
}
[handleMsg]:  {
  key: {
    remoteJid: '51925736337@s.whatsapp.net',
    fromMe: false,
    id: 'D0088B05772B5C7009A93B8DF1A55937',
    participant: undefined
  },
  messageTimestamp: 1708372441,
  pushName: 'Alberto',
  broadcast: false,
  message: Message {
    conversation: '1',
    messageContextInfo: MessageContextInfo {
      deviceListMetadata: [DeviceListMetadata],
      deviceListMetadataVersion: 2
    }
  },
  body: '1',
  from: '51925736337'
}
[QUEUE_SE_ENVIO]:  {
  ref: 'ans_96e045b6-0465-4536-b852-de173a00a166',
  keyword: 'key_9b0c07e2-1b4a-48d6-bac5-70cff1ba8be5',
  answer: '🤪 Indícame que información desea solicitar:\n' +
    'Este es mi menú de opciones escribe el número que deseas consultar:\n' +
    '\n' +
    '1️⃣ Bachiller\n' +
    '2️⃣ Título Profesional\n' +
    '\n' +
    '✍️ *Escribe* *un* *número* *entre* *1* *y* *2*',
  options: {
    media: null,
    buttons: [],
    capture: true,
    child: null,
    delay: 0,
    idle: null,
    ref: null,
    nested: [ [Object], [Object], [Object], [Object] ],
    keyword: {},
    callback: true
  },
  refSerialize: 'af2788a26af8b7e5917e60870cd5154b'
}
[handleMsg]:  {
  key: {
    remoteJid: '51925736337@s.whatsapp.net',
    fromMe: false,
    id: '8887CE06FFE9A3E7C4F258B7C7C5F602',
    participant: undefined
  },
  messageTimestamp: 1708372444,
  pushName: 'Alberto',
  broadcast: false,
  message: Message {
    conversation: '2',
    messageContextInfo: MessageContextInfo {
      deviceListMetadata: [DeviceListMetadata],
      deviceListMetadataVersion: 2
    }
  },
  body: '2',
  from: '51925736337'
}
[QUEUE_SE_ENVIO]:  {
  ref: 'ans_a5a22968-fb14-4356-a511-11204574bc51',
  keyword: 'key_0265150b-7edb-45ba-8333-82e9221336f2',
  answer: '🤓💬 Selecciona la opción que más se adecue a tu caso\n' +
    '\n' +
    '1️⃣ Bachiller UC\n' +
    '2️⃣ Bachiller proveniente de universidad no licenciada\n' +
    '\n' +
    '✍️ *Escribe* *un* *número* *entre* *1* *y* *2*',
  options: {
    media: null,
    buttons: [],
    capture: false,
    child: null,
    delay: 0,
    idle: null,
    ref: null,
    nested: [ [Object], [Object], [Object], [Object] ],
    keyword: {},
    callback: false
  },
  refSerialize: 'f933475e8a284c64a84391b1551e46fa'
}
[handleMsg]:  {
  key: {
    remoteJid: '51925736337@s.whatsapp.net',
    fromMe: false,
    id: '16110FD424C0FD9E7F1E6C7916C3B6CE',
    participant: undefined
  },
  messageTimestamp: 1708372448,
  pushName: 'Alberto',
  broadcast: false,
  message: Message {
    conversation: '1',
    messageContextInfo: MessageContextInfo {
      deviceListMetadata: [DeviceListMetadata],
      deviceListMetadataVersion: 2
    }
  },
  body: '1',
  from: '51925736337'
}
[QUEUE_SE_ENVIO]:  {
  ref: 'ans_86963759-3117-40ff-9f46-669043f7b85c',
  keyword: 'key_10aea453-4c6e-409a-ae99-ceead8613297',
  answer: '🤓💬 Selecciona la opción que más se adecue a tu caso\n' +
    '\n' +
    '1️⃣ Sustentación de tesis\n' +
    '2️⃣ Trabajo de suficiencia profesional\n' +
    '3️⃣ Sustentación de tesis en formato artículo científico\n' +
    '\n' +
    '✍️ *Escribe* *un* *número* *entre* *1* *y* *3*',
  options: {
    media: null,
    buttons: [],
    capture: false,
    child: null,
    delay: 0,
    idle: null,
    ref: null,
    nested: [ [Object], [Object], [Object], [Object], [Object], [Object] ],
    keyword: {},
    callback: false
  },
  refSerialize: '9ddc7432709e778cf78d00990249ded1'
}
[handleMsg]:  {
  key: {
    remoteJid: '51925736337@s.whatsapp.net',
    fromMe: false,
    id: 'FC38CFB1023FB847A8C9D4B451737462',
    participant: undefined
  },
  messageTimestamp: 1708372452,
  pushName: 'Alberto',
  broadcast: false,
  message: Message {
    conversation: '1',
    messageContextInfo: MessageContextInfo {
      deviceListMetadata: [DeviceListMetadata],
      deviceListMetadataVersion: 2
    }
  },
  body: '1',
  from: '51925736337'
}
[QUEUE_SE_ENVIO]:  {
  ref: 'ans_93d7602e-3132-4772-8db9-b9bb650302c0',
  keyword: 'key_155bc411-f943-4d1a-8815-81f97413d3b3',
  answer: '🚀 Indica qué es lo que deseas conocer.\n' +
    '\n' +
    '\n' +
    '1️⃣ Etapas del proceso de sustentación\n' +
    '2️⃣ Estado de trámite',
  options: {
    media: null,
    buttons: [],
    capture: false,
    child: null,
    delay: 0,
    idle: null,
    ref: null,
    nested: [
      [Object], [Object],
      [Object], [Object],
      [Object], [Object],
      [Object]
    ],
    keyword: {},
    callback: false
  },
  refSerialize: 'adadb1ddb084db654747dbcc56f457b1'
}
[handleMsg]:  {
  key: {
    remoteJid: '51925736337@s.whatsapp.net',
    fromMe: false,
    id: '71225C1FDC64FC67111BB8E8300D779A',
    participant: undefined
  },
  messageTimestamp: 1708372460,
  pushName: 'Alberto',
  broadcast: false,
  message: Message {
    conversation: '1',
    messageContextInfo: MessageContextInfo {
      deviceListMetadata: [DeviceListMetadata],
      deviceListMetadataVersion: 2
    }
  },
  body: '1',
  from: '51925736337'
}
[QUEUE_SE_ENVIO]:  {
  ref: 'ans_5ce46514-7264-4eaa-a534-8368a8c4146e',
  keyword: 'key_5f626a7e-4525-44fb-8f9c-2d8fc7eef00d',
  answer: '🖊️ Revisa los pasos para iniciar',
  options: {
    media: 'https://github.com/Runniersoaoi/aws-example/blob/titulacion/img/Infografias%20Bot%20Wsp%20UC.png?raw=true',
    buttons: [],
    capture: false,
    child: null,
    delay: 0,
    idle: null,
    ref: null,
    nested: [],
    keyword: {},
    callback: false
  },
  refSerialize: '5b32cff1affe4c0d4f48eba3b5466341'
}
[QUEUE_SE_ENVIO]:  {
  ref: 'ans_04599801-dcc9-4390-9d62-94e8f4982969',
  keyword: 'ans_5ce46514-7264-4eaa-a534-8368a8c4146e',
  answer: '🤓 Para continuar con las etapas del proceso escribe *continuar*',
  options: {
    media: null,
    buttons: [],
    capture: false,
    child: null,
    delay: 0,
    idle: null,
    ref: null,
    nested: [ [Object], [Object] ],
    keyword: {},
    callback: false
  },
  refSerialize: 'bb91813f9e67bba6c8c9b643b0fd541e'
}
[handleMsg]:  {
  key: {
    remoteJid: '51925736337@s.whatsapp.net',
    fromMe: false,
    id: '0682AE5F134E9F7371A125F4C52BDBF7',
    participant: undefined
  },
  messageTimestamp: 1708372470,
  pushName: 'Alberto',
  broadcast: false,
  message: Message {
    conversation: 'Continuar',
    messageContextInfo: MessageContextInfo {
      deviceListMetadata: [DeviceListMetadata],
      deviceListMetadataVersion: 2
    }
  },
  body: 'Continuar',
  from: '51925736337'
}
[QUEUE_SE_ENVIO]:  {
  ref: 'ans_eb8877fa-a6a3-4156-a7d5-31b6e70ad854',
  keyword: 'key_39a799b0-3f0a-44de-a02e-868a114b9174',
  answer: '🤓💬 Estas son las etapas del proceso de sustentación. Indica en qué etapa te encuentras.\n' +
    '\n' +
    '1️⃣ Designación de asesor\n' +
    '2️⃣ Inscripción de plan de tesis\n' +
    '3️⃣ Designación de jurados revisores\n' +
    '4️⃣ Sustentación de tesis\n' +
    '5️⃣ Trámites adicionales',
  options: {
    media: null,
    buttons: [],
    capture: false,
    child: null,
    delay: 0,
    idle: null,
    ref: null,
    nested: [
      [Object], [Object],
      [Object], [Object],
      [Object], [Object],
      [Object], [Object],
      [Object], [Object]
    ],
    keyword: {},
    callback: false
  },
  refSerialize: '0735943ed94deb2ae4ad2ce26d9822b4'
}
