51947434987:ENCOLADO ans_27fcd85b-b0d5-45f8-8d62-95546dd87966
EJECUTANDO:ans_27fcd85b-b0d5-45f8-8d62-95546dd87966
51947434987:SUCCESS
51947434987:ENCOLADO ans_379c0024-b583-4ccb-a8e6-07f957bc3293
EJECUTANDO:ans_379c0024-b583-4ccb-a8e6-07f957bc3293
51947434987:SUCCESS
51947434987:ENCOLADO ans_08e02f4b-fdba-4a04-bf2a-3c426896ecc3
EJECUTANDO:ans_08e02f4b-fdba-4a04-bf2a-3c426896ecc3
51947434987:SUCCESS
51947434987:ENCOLADO ans_4ba100e2-85ae-495e-9cfa-1e8a4c417ba7
EJECUTANDO:ans_4ba100e2-85ae-495e-9cfa-1e8a4c417ba7
51947434987:SUCCESS
51947434987:ENCOLADO ans_fc88e488-4d95-4d7d-aee5-af7d122f4469
EJECUTANDO:ans_fc88e488-4d95-4d7d-aee5-af7d122f4469
51947434987:SUCCESS
51947434987:ENCOLADO ans_80c474cb-e267-499f-9ff1-430f86d4066a
EJECUTANDO:ans_80c474cb-e267-499f-9ff1-430f86d4066a
51947434987:SUCCESS
51947434987:ENCOLADO ans_27fcd85b-b0d5-45f8-8d62-95546dd87966
EJECUTANDO:ans_27fcd85b-b0d5-45f8-8d62-95546dd87966
51947434987:SUCCESS
51947434987:ENCOLADO ans_379c0024-b583-4ccb-a8e6-07f957bc3293
EJECUTANDO:ans_379c0024-b583-4ccb-a8e6-07f957bc3293
51947434987:SUCCESS
51947434987:ENCOLADO ans_08e02f4b-fdba-4a04-bf2a-3c426896ecc3
EJECUTANDO:ans_08e02f4b-fdba-4a04-bf2a-3c426896ecc3
51947434987:SUCCESS
51947434987:ENCOLADO ans_4ba100e2-85ae-495e-9cfa-1e8a4c417ba7
EJECUTANDO:ans_4ba100e2-85ae-495e-9cfa-1e8a4c417ba7
51947434987:SUCCESS
51947434987:ENCOLADO ans_fc88e488-4d95-4d7d-aee5-af7d122f4469
EJECUTANDO:ans_fc88e488-4d95-4d7d-aee5-af7d122f4469
51947434987:SUCCESS
51947434987:ENCOLADO ans_69c06c96-5134-47a3-9342-3ad605c044af
EJECUTANDO:ans_69c06c96-5134-47a3-9342-3ad605c044af
51947434987:SUCCESS
51947434987:ENCOLADO ans_852d7b95-e111-46e0-8754-4473a872840c
EJECUTANDO:ans_852d7b95-e111-46e0-8754-4473a872840c
51947434987:SUCCESS
51947434987:ENCOLADO ans_190d0ab2-2070-441c-ac02-2ecd3d1f0b99
EJECUTANDO:ans_190d0ab2-2070-441c-ac02-2ecd3d1f0b99
51947434987:SUCCESS
51947434987:ENCOLADO ans_9dd71d08-1932-42ca-866b-c73b03013b8c
EJECUTANDO:ans_9dd71d08-1932-42ca-866b-c73b03013b8c
51947434987:SUCCESS
51947434987:ENCOLADO ans_27fcd85b-b0d5-45f8-8d62-95546dd87966
EJECUTANDO:ans_27fcd85b-b0d5-45f8-8d62-95546dd87966
51947434987:SUCCESS
51947434987:ENCOLADO ans_379c0024-b583-4ccb-a8e6-07f957bc3293
EJECUTANDO:ans_379c0024-b583-4ccb-a8e6-07f957bc3293
51947434987:SUCCESS
51947434987:ENCOLADO ans_08e02f4b-fdba-4a04-bf2a-3c426896ecc3
EJECUTANDO:ans_08e02f4b-fdba-4a04-bf2a-3c426896ecc3
51947434987:ENCOLADO ans_27fcd85b-b0d5-45f8-8d62-95546dd87966
51947434987:SUCCESS
51947434987:ENCOLADO ans_08e02f4b-fdba-4a04-bf2a-3c426896ecc3
51947434987:ENCOLADO ans_27fcd85b-b0d5-45f8-8d62-95546dd87966
51947434987:ENCOLADO ans_27fcd85b-b0d5-45f8-8d62-95546dd87966
51947434987:SUCCESS
51947434987:ERROR: "cancelled"
51947434987:ERROR: "cancelled"
51947434987:ENCOLADO ans_379c0024-b583-4ccb-a8e6-07f957bc3293
EJECUTANDO:ans_379c0024-b583-4ccb-a8e6-07f957bc3293
51947434987:ENCOLADO ans_379c0024-b583-4ccb-a8e6-07f957bc3293
51947434987:SUCCESS
51947434987:SUCCESS
51947434987:ERROR: "cancelled"
51947434987:ENCOLADO ans_379c0024-b583-4ccb-a8e6-07f957bc3293
EJECUTANDO:ans_379c0024-b583-4ccb-a8e6-07f957bc3293
51947434987:ENCOLADO ans_08e02f4b-fdba-4a04-bf2a-3c426896ecc3
51947434987:ENCOLADO ans_08e02f4b-fdba-4a04-bf2a-3c426896ecc3
51947434987:SUCCESS
51947434987:ERROR: "cancelled"
51947434987:ENCOLADO ans_08e02f4b-fdba-4a04-bf2a-3c426896ecc3
EJECUTANDO:ans_08e02f4b-fdba-4a04-bf2a-3c426896ecc3
51947434987:SUCCESS
51947434987:SUCCESS
51947434987:ENCOLADO ans_4ba100e2-85ae-495e-9cfa-1e8a4c417ba7
EJECUTANDO:ans_4ba100e2-85ae-495e-9cfa-1e8a4c417ba7
51947434987:SUCCESS
51947434987:ENCOLADO ans_fc88e488-4d95-4d7d-aee5-af7d122f4469
EJECUTANDO:ans_fc88e488-4d95-4d7d-aee5-af7d122f4469
51947434987:SUCCESS
51947434987:ENCOLADO ans_27fcd85b-b0d5-45f8-8d62-95546dd87966
EJECUTANDO:ans_27fcd85b-b0d5-45f8-8d62-95546dd87966
51947434987:SUCCESS
51947434987:ENCOLADO ans_379c0024-b583-4ccb-a8e6-07f957bc3293
EJECUTANDO:ans_379c0024-b583-4ccb-a8e6-07f957bc3293
51947434987:SUCCESS
51947434987:ENCOLADO ans_08e02f4b-fdba-4a04-bf2a-3c426896ecc3
EJECUTANDO:ans_08e02f4b-fdba-4a04-bf2a-3c426896ecc3
51947434987:SUCCESS
51947434987:ENCOLADO ans_4ba100e2-85ae-495e-9cfa-1e8a4c417ba7
EJECUTANDO:ans_4ba100e2-85ae-495e-9cfa-1e8a4c417ba7
51947434987:SUCCESS
51947434987:ENCOLADO ans_fc88e488-4d95-4d7d-aee5-af7d122f4469
EJECUTANDO:ans_fc88e488-4d95-4d7d-aee5-af7d122f4469
51947434987:SUCCESS
51947434987:ENCOLADO ans_69c06c96-5134-47a3-9342-3ad605c044af
EJECUTANDO:ans_69c06c96-5134-47a3-9342-3ad605c044af
51947434987:SUCCESS
51947434987:ENCOLADO ans_bf8c4a95-bb70-4810-8341-17ee66ba675a
EJECUTANDO:ans_bf8c4a95-bb70-4810-8341-17ee66ba675a
51947434987:SUCCESS
51947434987:ENCOLADO ans_27fcd85b-b0d5-45f8-8d62-95546dd87966
EJECUTANDO:ans_27fcd85b-b0d5-45f8-8d62-95546dd87966
51947434987:SUCCESS
51947434987:ENCOLADO ans_379c0024-b583-4ccb-a8e6-07f957bc3293
EJECUTANDO:ans_379c0024-b583-4ccb-a8e6-07f957bc3293
51947434987:SUCCESS
51947434987:ENCOLADO ans_08e02f4b-fdba-4a04-bf2a-3c426896ecc3
EJECUTANDO:ans_08e02f4b-fdba-4a04-bf2a-3c426896ecc3
51947434987:SUCCESS
51947434987:ENCOLADO ans_4ba100e2-85ae-495e-9cfa-1e8a4c417ba7
EJECUTANDO:ans_4ba100e2-85ae-495e-9cfa-1e8a4c417ba7
51947434987:SUCCESS
51947434987:ENCOLADO ans_fc88e488-4d95-4d7d-aee5-af7d122f4469
EJECUTANDO:ans_fc88e488-4d95-4d7d-aee5-af7d122f4469
51947434987:SUCCESS
51947434987:ENCOLADO ans_69c06c96-5134-47a3-9342-3ad605c044af
EJECUTANDO:ans_69c06c96-5134-47a3-9342-3ad605c044af
51947434987:SUCCESS
51947434987:ENCOLADO ans_852d7b95-e111-46e0-8754-4473a872840c
EJECUTANDO:ans_852d7b95-e111-46e0-8754-4473a872840c
51947434987:SUCCESS
51947434987:ENCOLADO ans_9776e3a0-cf8a-4a79-8673-c19304c8fc67
EJECUTANDO:ans_9776e3a0-cf8a-4a79-8673-c19304c8fc67
51947434987:SUCCESS
